2024-11-21 11:53:57 [info] : [Platform Server] Creating platform timecard_hardware  output stream finished - timecard_hardware. 
2024-11-21 11:54:37 [info] : [Platform Server] Generate platform output stream finished - timecard_hardware. 
2024-11-21 11:59:07 [info] : [Platform Server] Generate platform output stream finished - timecard_hardware. 
2024-11-21 11:59:11 [info] : [Build Server] Build output stream finished - timecard_software::. 
2024-11-21 12:00:52 [info] : [Debug Manager] Successfully verified the target connection used  Local 
2024-11-21 12:00:52 [info] : [Debug Manager] Starting launch in 'run' mode using configuration: {"type":"tcf-debug","request":"launch","name":"timecard_software_app_hw_1","debugType":"baremetal-zynq","attachToRunningTargetOptions":{"targetSetupMode":"standalone","executeScript":true,"scriptPath":""},"autoAttachProcessChildren":false,"target":{"targetConnectionId":"Local","peersIniPath":"../../../.wsdata/.peers.ini","context":"zynq"},"targetSetup":{"resetSystem":true,"programDevice":true,"resetAPU":false,"bitstreamFile":"${workspaceFolder}\\timecard_software\\_ide\\bitstream\\timecard_HW_wrapper.bit","zynqInitialization":{"isFsbl":false,"usingFSBL":{"initWithFSBL":true,"fsblFile":"${workspaceFolder}\\timecard_hardware\\export\\timecard_hardware\\sw\\boot\\fsbl.elf","fsblExitSymbol":"FsblHandoffJtagExit"},"usingPs7Init":{"runPs7Init":true,"runPs7PostInit":true,"ps7InitTclFile":"${workspaceFolder}\\timecard_software\\_ide\\psinit\\ps7_init.tcl"}},"downloadElf":[{"core":"ps7_cortexa9_0","resetProcessor":true,"elfFile":"${workspaceFolder}\\timecard_software\\build\\timecard_software.elf","stopAtEntry":false}],"crossTriggerBreakpoints":{"isSelected":false,"breakpoints":[]}},"internalConsoleOptions":"openOnSessionStart","__configUri":"file:///c%3A/22257/space_time_card/timecard_software/_ide/.theia/launch.json"} 
2024-11-21 12:00:52 [info] : [Debug Manager] Disabling breakpoints in the tool to enable run mode for 'timecard_software_app_hw_1'. 
2024-11-21 12:00:52 [info] : [Debug Manager] Launch session has started on the configuration 'timecard_software_app_hw_1' 
2024-11-21 12:01:22 [info] : [Debug Manager] Successfully verified the target connection used  Local 
2024-11-21 12:01:22 [info] : [Debug Manager] Starting launch in 'debug' mode using configuration: {"type":"tcf-debug","request":"launch","name":"timecard_software_app_hw_1","debugType":"baremetal-zynq","attachToRunningTargetOptions":{"targetSetupMode":"standalone","executeScript":true,"scriptPath":""},"autoAttachProcessChildren":false,"target":{"targetConnectionId":"Local","peersIniPath":"../../../.wsdata/.peers.ini","context":"zynq"},"targetSetup":{"resetSystem":true,"programDevice":true,"resetAPU":false,"bitstreamFile":"${workspaceFolder}\\timecard_software\\_ide\\bitstream\\timecard_HW_wrapper.bit","zynqInitialization":{"isFsbl":false,"usingFSBL":{"initWithFSBL":true,"fsblFile":"${workspaceFolder}\\timecard_hardware\\export\\timecard_hardware\\sw\\boot\\fsbl.elf","fsblExitSymbol":"FsblHandoffJtagExit"},"usingPs7Init":{"runPs7Init":true,"runPs7PostInit":true,"ps7InitTclFile":"${workspaceFolder}\\timecard_software\\_ide\\psinit\\ps7_init.tcl"}},"downloadElf":[{"core":"ps7_cortexa9_0","resetProcessor":true,"elfFile":"${workspaceFolder}\\timecard_software\\build\\timecard_software.elf","stopAtEntry":false}],"crossTriggerBreakpoints":{"isSelected":false,"breakpoints":[]}},"internalConsoleOptions":"openOnSessionStart","__configUri":"file:///c%3A/22257/space_time_card/timecard_software/_ide/.theia/launch.json"} 
2024-11-21 13:16:57 [info] : [Debug Manager] Launch session has terminated on the configuration 'timecard_software_app_hw_1' 
2024-11-21 13:16:57 [info] : [Debug Manager] Enabling breakpoints after running the application using 'timecard_software_app_hw_1'. 
2024-11-21 13:16:57 [info] : [Debug Manager] Disabling breakpoints in the tool to enable run mode for 'timecard_software_app_hw_1'. 
2024-11-21 13:16:58 [info] : [Debug Manager] Launch session has started on the configuration 'timecard_software_app_hw_1' 
2024-11-21 13:17:05 [info] : [Debug Manager] Launch session has terminated on the configuration 'timecard_software_app_hw_1' 
2024-11-21 13:17:05 [info] : [Debug Manager] Enabling breakpoints after running the application using 'timecard_software_app_hw_1'. 
2024-11-21 13:17:20 [info] : [Debug Manager] Successfully verified the target connection used  Local 
2024-11-21 13:17:20 [info] : [Debug Manager] Starting launch in 'debug' mode using configuration: {"type":"tcf-debug","request":"launch","name":"timecard_software_app_hw_1","debugType":"baremetal-zynq","attachToRunningTargetOptions":{"targetSetupMode":"standalone","executeScript":true,"scriptPath":""},"autoAttachProcessChildren":false,"target":{"targetConnectionId":"Local","peersIniPath":"../../../.wsdata/.peers.ini","context":"zynq"},"targetSetup":{"resetSystem":true,"programDevice":true,"resetAPU":false,"bitstreamFile":"${workspaceFolder}\\timecard_software\\_ide\\bitstream\\timecard_HW_wrapper.bit","zynqInitialization":{"isFsbl":false,"usingFSBL":{"initWithFSBL":true,"fsblFile":"${workspaceFolder}\\timecard_hardware\\export\\timecard_hardware\\sw\\boot\\fsbl.elf","fsblExitSymbol":"FsblHandoffJtagExit"},"usingPs7Init":{"runPs7Init":true,"runPs7PostInit":true,"ps7InitTclFile":"${workspaceFolder}\\timecard_software\\_ide\\psinit\\ps7_init.tcl"}},"downloadElf":[{"core":"ps7_cortexa9_0","resetProcessor":true,"elfFile":"${workspaceFolder}\\timecard_software\\build\\timecard_software.elf","stopAtEntry":false}],"crossTriggerBreakpoints":{"isSelected":false,"breakpoints":[]}},"internalConsoleOptions":"openOnSessionStart","__configUri":"file:///c%3A/22257/space_time_card/timecard_software/_ide/.theia/launch.json"} 
2024-11-21 13:17:21 [info] : [Debug Manager] Added breakpoint:main 
2024-11-21 13:17:21 [info] : [Debug Manager] Added breakpoint:_exit 
2024-11-21 13:17:21 [info] : [Debug Manager] Launch session has started on the configuration 'timecard_software_app_hw_1' 
2024-11-26 12:12:34 [info] : [Debug Manager] Successfully verified the target connection used  Local 
2024-11-26 12:12:34 [info] : [Debug Manager] Starting launch in 'run' mode using configuration: {"type":"tcf-debug","request":"launch","name":"timecard_software_app_hw_1","debugType":"baremetal-zynq","attachToRunningTargetOptions":{"targetSetupMode":"standalone","executeScript":true,"scriptPath":""},"autoAttachProcessChildren":false,"target":{"targetConnectionId":"Local","peersIniPath":"../../../.wsdata/.peers.ini","context":"zynq"},"targetSetup":{"resetSystem":true,"programDevice":true,"resetAPU":false,"bitstreamFile":"${workspaceFolder}\\timecard_software\\_ide\\bitstream\\timecard_HW_wrapper.bit","zynqInitialization":{"isFsbl":false,"usingFSBL":{"initWithFSBL":true,"fsblFile":"${workspaceFolder}\\timecard_hardware\\export\\timecard_hardware\\sw\\boot\\fsbl.elf","fsblExitSymbol":"FsblHandoffJtagExit"},"usingPs7Init":{"runPs7Init":true,"runPs7PostInit":true,"ps7InitTclFile":"${workspaceFolder}\\timecard_software\\_ide\\psinit\\ps7_init.tcl"}},"downloadElf":[{"core":"ps7_cortexa9_0","resetProcessor":true,"elfFile":"${workspaceFolder}\\timecard_software\\build\\timecard_software.elf","stopAtEntry":false}],"crossTriggerBreakpoints":{"isSelected":false,"breakpoints":[]}},"internalConsoleOptions":"openOnSessionStart","__configUri":"file:///c%3A/22257/space_time_card/timecard_software/_ide/.theia/launch.json"} 
2024-11-26 12:12:35 [info] : [Debug Manager] Disabling breakpoints in the tool to enable run mode for 'timecard_software_app_hw_1'. 
2024-11-26 12:12:35 [info] : [Debug Manager] Launch session has started on the configuration 'timecard_software_app_hw_1' 
2024-11-26 12:47:21 [info] : [Platform Server] Generate platform output stream finished - timecard_hardware. 
2024-11-26 12:47:23 [info] : [Build Server] Build output stream finished - timecard_software::. 
2024-11-26 12:47:33 [info] : [Platform Server] Generate platform output stream finished - timecard_hardware. 
2024-11-26 12:47:35 [info] : [Build Server] Build output stream finished - timecard_software::. 
2024-11-26 12:47:53 [info] : [Debug Manager] Successfully verified the target connection used  Local 
2024-11-26 12:47:53 [info] : [Debug Manager] Starting launch in 'run' mode using configuration: {"type":"tcf-debug","request":"launch","name":"timecard_software_app_hw_1","debugType":"baremetal-zynq","attachToRunningTargetOptions":{"targetSetupMode":"standalone","executeScript":true,"scriptPath":""},"autoAttachProcessChildren":false,"target":{"targetConnectionId":"Local","peersIniPath":"../../../.wsdata/.peers.ini","context":"zynq"},"targetSetup":{"resetSystem":true,"programDevice":true,"resetAPU":false,"bitstreamFile":"${workspaceFolder}\\timecard_software\\_ide\\bitstream\\timecard_HW_wrapper.bit","zynqInitialization":{"isFsbl":false,"usingFSBL":{"initWithFSBL":true,"fsblFile":"${workspaceFolder}\\timecard_hardware\\export\\timecard_hardware\\sw\\boot\\fsbl.elf","fsblExitSymbol":"FsblHandoffJtagExit"},"usingPs7Init":{"runPs7Init":true,"runPs7PostInit":true,"ps7InitTclFile":"${workspaceFolder}\\timecard_software\\_ide\\psinit\\ps7_init.tcl"}},"downloadElf":[{"core":"ps7_cortexa9_0","resetProcessor":true,"elfFile":"${workspaceFolder}\\timecard_software\\build\\timecard_software.elf","stopAtEntry":false}],"crossTriggerBreakpoints":{"isSelected":false,"breakpoints":[]}},"internalConsoleOptions":"openOnSessionStart","__configUri":"file:///c%3A/22257/space_time_card/timecard_software/_ide/.theia/launch.json"} 
2024-11-26 12:48:00 [info] : [Debug Manager] Launch session has terminated on the configuration 'timecard_software_app_hw_1' 
2024-11-26 12:48:00 [info] : [Debug Manager] Enabling breakpoints after running the application using 'timecard_software_app_hw_1'. 
2024-11-26 12:48:15 [info] : [Debug Manager] Successfully verified the target connection used  Local 
2024-11-26 12:48:15 [info] : [Debug Manager] Starting launch in 'run' mode using configuration: {"type":"tcf-debug","request":"launch","name":"timecard_software_app_hw_1","debugType":"baremetal-zynq","attachToRunningTargetOptions":{"targetSetupMode":"standalone","executeScript":true,"scriptPath":""},"autoAttachProcessChildren":false,"target":{"targetConnectionId":"Local","peersIniPath":"../../../.wsdata/.peers.ini","context":"zynq"},"targetSetup":{"resetSystem":true,"programDevice":true,"resetAPU":false,"bitstreamFile":"${workspaceFolder}\\timecard_software\\_ide\\bitstream\\timecard_HW_wrapper.bit","zynqInitialization":{"isFsbl":false,"usingFSBL":{"initWithFSBL":true,"fsblFile":"${workspaceFolder}\\timecard_hardware\\export\\timecard_hardware\\sw\\boot\\fsbl.elf","fsblExitSymbol":"FsblHandoffJtagExit"},"usingPs7Init":{"runPs7Init":true,"runPs7PostInit":true,"ps7InitTclFile":"${workspaceFolder}\\timecard_software\\_ide\\psinit\\ps7_init.tcl"}},"downloadElf":[{"core":"ps7_cortexa9_0","resetProcessor":true,"elfFile":"${workspaceFolder}\\timecard_software\\build\\timecard_software.elf","stopAtEntry":false}],"crossTriggerBreakpoints":{"isSelected":false,"breakpoints":[]}},"internalConsoleOptions":"openOnSessionStart","__configUri":"file:///c%3A/22257/space_time_card/timecard_software/_ide/.theia/launch.json"} 
2024-11-26 12:48:15 [info] : [Debug Manager] Disabling breakpoints in the tool to enable run mode for 'timecard_software_app_hw_1'. 
2024-11-26 12:48:15 [info] : [Debug Manager] Launch session has started on the configuration 'timecard_software_app_hw_1' 
2024-11-26 12:58:21 [info] : [Platform Server] Generate platform output stream finished - timecard_hardware. 
2024-11-26 12:58:57 [info] : [Platform Server] Generate platform output stream finished - timecard_hardware. 
2024-11-26 12:58:59 [info] : [Build Server] Build output stream finished - timecard_software::. 
2024-11-26 12:59:57 [info] : [Debug Manager] Successfully verified the target connection used  Local 
2024-11-26 12:59:57 [info] : [Debug Manager] Starting launch in 'run' mode using configuration: {"type":"tcf-debug","request":"launch","name":"timecard_software_app_hw_1","debugType":"baremetal-zynq","attachToRunningTargetOptions":{"targetSetupMode":"standalone","executeScript":true,"scriptPath":""},"autoAttachProcessChildren":false,"target":{"targetConnectionId":"Local","peersIniPath":"../../../.wsdata/.peers.ini","context":"zynq"},"targetSetup":{"resetSystem":true,"programDevice":true,"resetAPU":false,"bitstreamFile":"${workspaceFolder}\\timecard_software\\_ide\\bitstream\\timecard_HW_wrapper.bit","zynqInitialization":{"isFsbl":false,"usingFSBL":{"initWithFSBL":true,"fsblFile":"${workspaceFolder}\\timecard_hardware\\export\\timecard_hardware\\sw\\boot\\fsbl.elf","fsblExitSymbol":"FsblHandoffJtagExit"},"usingPs7Init":{"runPs7Init":true,"runPs7PostInit":true,"ps7InitTclFile":"${workspaceFolder}\\timecard_software\\_ide\\psinit\\ps7_init.tcl"}},"downloadElf":[{"core":"ps7_cortexa9_0","resetProcessor":true,"elfFile":"${workspaceFolder}\\timecard_software\\build\\timecard_software.elf","stopAtEntry":false}],"crossTriggerBreakpoints":{"isSelected":false,"breakpoints":[]}},"internalConsoleOptions":"openOnSessionStart","__configUri":"file:///c%3A/22257/space_time_card/timecard_software/_ide/.theia/launch.json"} 
2024-11-26 12:59:57 [info] : [Debug Manager] Disabling breakpoints in the tool to enable run mode for 'timecard_software_app_hw_1'. 
2024-11-26 12:59:58 [info] : [Debug Manager] Launch session has started on the configuration 'timecard_software_app_hw_1' 
2024-11-26 13:07:04 [info] : [Platform Server] Updating timecard_HW_wrapper XSA for timecard_hardware platform output stream finished - timecard_hardware. 
2024-11-26 13:07:22 [info] : [Platform Server] Generate platform output stream finished - timecard_hardware. 
2024-11-26 13:12:41 [info] : [Debug Manager] Launch session has terminated on the configuration 'timecard_software_app_hw_1' 
2024-11-26 13:12:41 [info] : [Debug Manager] Enabling breakpoints after running the application using 'timecard_software_app_hw_1'. 
2024-11-26 13:12:50 [info] : [Platform Server] Generate platform output stream finished - timecard_hardware. 
2024-11-26 13:12:52 [info] : [Build Server] Build output stream finished - timecard_software::. 
2024-11-26 13:13:14 [info] : [Debug Manager] Successfully verified the target connection used  Local 
2024-11-26 13:13:14 [info] : [Debug Manager] Starting launch in 'run' mode using configuration: {"type":"tcf-debug","request":"launch","name":"timecard_software_app_hw_1","debugType":"baremetal-zynq","attachToRunningTargetOptions":{"targetSetupMode":"standalone","executeScript":true,"scriptPath":""},"autoAttachProcessChildren":false,"target":{"targetConnectionId":"Local","peersIniPath":"../../../.wsdata/.peers.ini","context":"zynq"},"targetSetup":{"resetSystem":true,"programDevice":true,"resetAPU":false,"bitstreamFile":"${workspaceFolder}\\timecard_software\\_ide\\bitstream\\timecard_HW_wrapper.bit","zynqInitialization":{"isFsbl":false,"usingFSBL":{"initWithFSBL":true,"fsblFile":"${workspaceFolder}\\timecard_hardware\\export\\timecard_hardware\\sw\\boot\\fsbl.elf","fsblExitSymbol":"FsblHandoffJtagExit"},"usingPs7Init":{"runPs7Init":true,"runPs7PostInit":true,"ps7InitTclFile":"${workspaceFolder}\\timecard_software\\_ide\\psinit\\ps7_init.tcl"}},"downloadElf":[{"core":"ps7_cortexa9_0","resetProcessor":true,"elfFile":"${workspaceFolder}\\timecard_software\\build\\timecard_software.elf","stopAtEntry":false}],"crossTriggerBreakpoints":{"isSelected":false,"breakpoints":[]}},"internalConsoleOptions":"openOnSessionStart","__configUri":"file:///c%3A/22257/space_time_card/timecard_software/_ide/.theia/launch.json"} 
2024-11-26 13:13:14 [info] : [Debug Manager] Disabling breakpoints in the tool to enable run mode for 'timecard_software_app_hw_1'. 
2024-11-26 13:13:15 [info] : [Debug Manager] Launch session has started on the configuration 'timecard_software_app_hw_1' 
2024-11-26 13:17:05 [info] : [Platform Server] Generate platform output stream finished - timecard_hardware. 
2024-11-26 13:17:07 [info] : [Build Server] Build output stream finished - timecard_software::. 
2024-11-26 13:19:16 [info] : [Platform Server] Generate platform output stream finished - timecard_hardware. 
2024-11-26 13:19:18 [info] : [Build Server] Build output stream finished - timecard_software::. 
2024-11-26 13:27:02 [info] : [Platform Server] Generate platform output stream finished - timecard_hardware. 
2024-11-26 13:27:06 [info] : [Build Server] Build output stream finished - DMA_TEST::. 
2024-11-26 13:28:14 [info] : [Platform Server] Generate platform output stream finished - timecard_hardware. 
2024-11-26 13:28:16 [info] : [Build Server] Build output stream finished - DMA_TEST::. 
2024-11-26 13:29:06 [info] : [Platform Server] Generate platform output stream finished - timecard_hardware. 
2024-11-26 13:29:08 [info] : [Build Server] Build output stream finished - DMA_TEST::. 
2024-11-26 13:29:19 [info] : [Debug Manager] Launch session has terminated on the configuration 'timecard_software_app_hw_1' 
2024-11-26 13:29:19 [info] : [Debug Manager] Enabling breakpoints after running the application using 'timecard_software_app_hw_1'. 
2024-11-26 13:29:28 [info] : [Debug Manager] Successfully verified the target connection used  Local 
2024-11-26 13:29:28 [info] : [Debug Manager] Starting launch in 'run' mode using configuration: {"type":"tcf-debug","request":"launch","name":"DMA_TEST_app_hw_1","debugType":"baremetal-zynq","attachToRunningTargetOptions":{"targetSetupMode":"standalone","executeScript":true,"scriptPath":""},"autoAttachProcessChildren":false,"target":{"targetConnectionId":"Local","peersIniPath":"../../../.wsdata/.peers.ini","context":"zynq"},"targetSetup":{"resetSystem":true,"programDevice":true,"resetAPU":false,"bitstreamFile":"${workspaceFolder}\\DMA_TEST\\_ide\\bitstream\\timecard_HW_wrapper.bit","zynqInitialization":{"isFsbl":false,"usingFSBL":{"initWithFSBL":true,"fsblFile":"${workspaceFolder}\\timecard_hardware\\export\\timecard_hardware\\sw\\boot\\fsbl.elf","fsblExitSymbol":"FsblHandoffJtagExit"},"usingPs7Init":{"runPs7Init":true,"runPs7PostInit":true,"ps7InitTclFile":"${workspaceFolder}\\DMA_TEST\\_ide\\psinit\\ps7_init.tcl"}},"downloadElf":[{"core":"ps7_cortexa9_0","resetProcessor":true,"elfFile":"${workspaceFolder}\\DMA_TEST\\build\\DMA_TEST.elf","stopAtEntry":false}],"crossTriggerBreakpoints":{"isSelected":false,"breakpoints":[]}},"internalConsoleOptions":"openOnSessionStart","__configUri":"file:///c%3A/22257/space_time_card/DMA_TEST/_ide/.theia/launch.json"} 
2024-11-26 13:29:28 [info] : [Debug Manager] Disabling breakpoints in the tool to enable run mode for 'DMA_TEST_app_hw_1'. 
2024-11-26 13:29:29 [info] : [Debug Manager] Launch session has started on the configuration 'DMA_TEST_app_hw_1' 
2024-11-26 13:30:00 [info] : [Debug Manager] Launch session has terminated on the configuration 'DMA_TEST_app_hw_1' 
2024-11-26 13:30:00 [info] : [Debug Manager] Enabling breakpoints after running the application using 'DMA_TEST_app_hw_1'. 
2024-11-26 13:30:00 [info] : [Debug Manager] Disabling breakpoints in the tool to enable run mode for 'DMA_TEST_app_hw_1'. 
2024-11-26 13:30:01 [info] : [Debug Manager] Launch session has started on the configuration 'DMA_TEST_app_hw_1' 
2024-11-26 13:30:09 [info] : [Debug Manager] Launch session has terminated on the configuration 'DMA_TEST_app_hw_1' 
2024-11-26 13:30:09 [info] : [Debug Manager] Enabling breakpoints after running the application using 'DMA_TEST_app_hw_1'. 
2024-11-26 14:25:16 [info] : [Platform Server] Updating timecard_HW_wrapper XSA for timecard_hardware platform output stream finished - timecard_hardware. 
2024-11-26 14:26:03 [info] : [Platform Server] Generate platform output stream finished - timecard_hardware. 
2024-11-26 14:28:49 [info] : [Platform Server] Generate platform output stream finished - timecard_hardware. 
2024-11-26 14:28:51 [info] : [Build Server] Build output stream finished - timecard_software::. 
2024-11-26 14:29:17 [info] : [Platform Server] Generate platform output stream finished - timecard_hardware. 
2024-11-26 14:29:19 [info] : [Build Server] Build output stream finished - timecard_software::. 
2024-11-26 14:29:53 [info] : [Debug Manager] Successfully verified the target connection used  Local 
2024-11-26 14:29:53 [info] : [Debug Manager] Starting launch in 'run' mode using configuration: {"type":"tcf-debug","request":"launch","name":"timecard_software_app_hw_1","debugType":"baremetal-zynq","attachToRunningTargetOptions":{"targetSetupMode":"standalone","executeScript":true,"scriptPath":""},"autoAttachProcessChildren":false,"target":{"targetConnectionId":"Local","peersIniPath":"../../../.wsdata/.peers.ini","context":"zynq"},"targetSetup":{"resetSystem":true,"programDevice":true,"resetAPU":false,"bitstreamFile":"${workspaceFolder}\\timecard_software\\_ide\\bitstream\\timecard_HW_wrapper.bit","zynqInitialization":{"isFsbl":false,"usingFSBL":{"initWithFSBL":true,"fsblFile":"${workspaceFolder}\\timecard_hardware\\export\\timecard_hardware\\sw\\boot\\fsbl.elf","fsblExitSymbol":"FsblHandoffJtagExit"},"usingPs7Init":{"runPs7Init":true,"runPs7PostInit":true,"ps7InitTclFile":"${workspaceFolder}\\timecard_software\\_ide\\psinit\\ps7_init.tcl"}},"downloadElf":[{"core":"ps7_cortexa9_0","resetProcessor":true,"elfFile":"${workspaceFolder}\\timecard_software\\build\\timecard_software.elf","stopAtEntry":false}],"crossTriggerBreakpoints":{"isSelected":false,"breakpoints":[]}},"internalConsoleOptions":"openOnSessionStart","__configUri":"file:///c%3A/22257/space_time_card/timecard_software/_ide/.theia/launch.json"} 
2024-11-26 14:29:54 [info] : [Debug Manager] Disabling breakpoints in the tool to enable run mode for 'timecard_software_app_hw_1'. 
2024-11-26 14:29:54 [info] : [Debug Manager] Launch session has started on the configuration 'timecard_software_app_hw_1' 
2024-11-26 14:30:22 [info] : [Debug Manager] Launch session has terminated on the configuration 'timecard_software_app_hw_1' 
2024-11-26 14:30:22 [info] : [Debug Manager] Enabling breakpoints after running the application using 'timecard_software_app_hw_1'. 
2024-11-26 14:30:31 [info] : [Debug Manager] Successfully verified the target connection used  Local 
2024-11-26 14:30:31 [info] : [Debug Manager] Starting launch in 'run' mode using configuration: {"type":"tcf-debug","request":"launch","name":"timecard_software_app_hw_1","debugType":"baremetal-zynq","attachToRunningTargetOptions":{"targetSetupMode":"standalone","executeScript":true,"scriptPath":""},"autoAttachProcessChildren":false,"target":{"targetConnectionId":"Local","peersIniPath":"../../../.wsdata/.peers.ini","context":"zynq"},"targetSetup":{"resetSystem":true,"programDevice":true,"resetAPU":false,"bitstreamFile":"${workspaceFolder}\\timecard_software\\_ide\\bitstream\\timecard_HW_wrapper.bit","zynqInitialization":{"isFsbl":false,"usingFSBL":{"initWithFSBL":true,"fsblFile":"${workspaceFolder}\\timecard_hardware\\export\\timecard_hardware\\sw\\boot\\fsbl.elf","fsblExitSymbol":"FsblHandoffJtagExit"},"usingPs7Init":{"runPs7Init":true,"runPs7PostInit":true,"ps7InitTclFile":"${workspaceFolder}\\timecard_software\\_ide\\psinit\\ps7_init.tcl"}},"downloadElf":[{"core":"ps7_cortexa9_0","resetProcessor":true,"elfFile":"${workspaceFolder}\\timecard_software\\build\\timecard_software.elf","stopAtEntry":false}],"crossTriggerBreakpoints":{"isSelected":false,"breakpoints":[]}},"internalConsoleOptions":"openOnSessionStart","__configUri":"file:///c%3A/22257/space_time_card/timecard_software/_ide/.theia/launch.json"} 
2024-11-26 14:30:32 [info] : [Debug Manager] Disabling breakpoints in the tool to enable run mode for 'timecard_software_app_hw_1'. 
2024-11-26 14:30:32 [info] : [Platform Server] Generate platform output stream finished - timecard_hardware. 
2024-11-26 14:30:32 [info] : [Debug Manager] Launch session has started on the configuration 'timecard_software_app_hw_1' 
2024-11-26 14:30:34 [info] : [Build Server] Build output stream finished - timecard_software::. 
2024-11-26 14:30:41 [info] : [Debug Manager] Launch session has terminated on the configuration 'timecard_software_app_hw_1' 
2024-11-26 14:30:41 [info] : [Debug Manager] Enabling breakpoints after running the application using 'timecard_software_app_hw_1'. 
2024-11-26 14:30:50 [info] : [Debug Manager] Successfully verified the target connection used  Local 
2024-11-26 14:30:50 [info] : [Debug Manager] Starting launch in 'run' mode using configuration: {"type":"tcf-debug","request":"launch","name":"timecard_software_app_hw_1","debugType":"baremetal-zynq","attachToRunningTargetOptions":{"targetSetupMode":"standalone","executeScript":true,"scriptPath":""},"autoAttachProcessChildren":false,"target":{"targetConnectionId":"Local","peersIniPath":"../../../.wsdata/.peers.ini","context":"zynq"},"targetSetup":{"resetSystem":true,"programDevice":true,"resetAPU":false,"bitstreamFile":"${workspaceFolder}\\timecard_software\\_ide\\bitstream\\timecard_HW_wrapper.bit","zynqInitialization":{"isFsbl":false,"usingFSBL":{"initWithFSBL":true,"fsblFile":"${workspaceFolder}\\timecard_hardware\\export\\timecard_hardware\\sw\\boot\\fsbl.elf","fsblExitSymbol":"FsblHandoffJtagExit"},"usingPs7Init":{"runPs7Init":true,"runPs7PostInit":true,"ps7InitTclFile":"${workspaceFolder}\\timecard_software\\_ide\\psinit\\ps7_init.tcl"}},"downloadElf":[{"core":"ps7_cortexa9_0","resetProcessor":true,"elfFile":"${workspaceFolder}\\timecard_software\\build\\timecard_software.elf","stopAtEntry":false}],"crossTriggerBreakpoints":{"isSelected":false,"breakpoints":[]}},"internalConsoleOptions":"openOnSessionStart","__configUri":"file:///c%3A/22257/space_time_card/timecard_software/_ide/.theia/launch.json"} 
2024-11-26 14:30:50 [info] : [Debug Manager] Disabling breakpoints in the tool to enable run mode for 'timecard_software_app_hw_1'. 
2024-11-26 14:30:51 [info] : [Debug Manager] Launch session has started on the configuration 'timecard_software_app_hw_1' 
2024-11-26 14:40:06 [info] : [Platform Server] Updating timecard_HW_wrapper XSA for timecard_hardware platform output stream finished - timecard_hardware. 
2024-11-26 14:42:39 [info] : [Platform Server] Generate platform output stream finished - timecard_hardware. 
2024-11-26 14:49:51 [info] : [Platform Server] Generate platform output stream finished - timecard_hardware. 
2024-11-26 14:49:52 [info] : [Build Server] Build output stream finished - timecard_software::. 
2024-11-26 14:50:11 [info] : [Platform Server] Generate platform output stream finished - timecard_hardware. 
2024-11-26 14:50:13 [info] : [Build Server] Build output stream finished - timecard_software::. 
2024-11-26 14:50:36 [info] : [Debug Manager] Successfully verified the target connection used  Local 
2024-11-26 14:50:36 [info] : [Debug Manager] Starting launch in 'run' mode using configuration: {"type":"tcf-debug","request":"launch","name":"timecard_software_app_hw_1","debugType":"baremetal-zynq","attachToRunningTargetOptions":{"targetSetupMode":"standalone","executeScript":true,"scriptPath":""},"autoAttachProcessChildren":false,"target":{"targetConnectionId":"Local","peersIniPath":"../../../.wsdata/.peers.ini","context":"zynq"},"targetSetup":{"resetSystem":true,"programDevice":true,"resetAPU":false,"bitstreamFile":"${workspaceFolder}\\timecard_software\\_ide\\bitstream\\timecard_HW_wrapper.bit","zynqInitialization":{"isFsbl":false,"usingFSBL":{"initWithFSBL":true,"fsblFile":"${workspaceFolder}\\timecard_hardware\\export\\timecard_hardware\\sw\\boot\\fsbl.elf","fsblExitSymbol":"FsblHandoffJtagExit"},"usingPs7Init":{"runPs7Init":true,"runPs7PostInit":true,"ps7InitTclFile":"${workspaceFolder}\\timecard_software\\_ide\\psinit\\ps7_init.tcl"}},"downloadElf":[{"core":"ps7_cortexa9_0","resetProcessor":true,"elfFile":"${workspaceFolder}\\timecard_software\\build\\timecard_software.elf","stopAtEntry":false}],"crossTriggerBreakpoints":{"isSelected":false,"breakpoints":[]}},"internalConsoleOptions":"openOnSessionStart","__configUri":"file:///c%3A/22257/space_time_card/timecard_software/_ide/.theia/launch.json"} 
2024-11-26 14:50:54 [info] : [Debug Manager] Launch session has terminated on the configuration 'timecard_software_app_hw_1' 
2024-11-26 14:50:54 [info] : [Debug Manager] Enabling breakpoints after running the application using 'timecard_software_app_hw_1'. 
2024-11-26 14:51:55 [info] : [Platform Server] Generate platform output stream finished - timecard_hardware. 
2024-11-26 14:51:57 [info] : [Build Server] Build output stream finished - timecard_software::. 
2024-11-26 14:52:19 [info] : [Debug Manager] Successfully verified the target connection used  Local 
2024-11-26 14:52:19 [info] : [Debug Manager] Starting launch in 'run' mode using configuration: {"type":"tcf-debug","request":"launch","name":"timecard_software_app_hw_1","debugType":"baremetal-zynq","attachToRunningTargetOptions":{"targetSetupMode":"standalone","executeScript":true,"scriptPath":""},"autoAttachProcessChildren":false,"target":{"targetConnectionId":"Local","peersIniPath":"../../../.wsdata/.peers.ini","context":"zynq"},"targetSetup":{"resetSystem":true,"programDevice":true,"resetAPU":false,"bitstreamFile":"${workspaceFolder}\\timecard_software\\_ide\\bitstream\\timecard_HW_wrapper.bit","zynqInitialization":{"isFsbl":false,"usingFSBL":{"initWithFSBL":true,"fsblFile":"${workspaceFolder}\\timecard_hardware\\export\\timecard_hardware\\sw\\boot\\fsbl.elf","fsblExitSymbol":"FsblHandoffJtagExit"},"usingPs7Init":{"runPs7Init":true,"runPs7PostInit":true,"ps7InitTclFile":"${workspaceFolder}\\timecard_software\\_ide\\psinit\\ps7_init.tcl"}},"downloadElf":[{"core":"ps7_cortexa9_0","resetProcessor":true,"elfFile":"${workspaceFolder}\\timecard_software\\build\\timecard_software.elf","stopAtEntry":false}],"crossTriggerBreakpoints":{"isSelected":false,"breakpoints":[]}},"internalConsoleOptions":"openOnSessionStart","__configUri":"file:///c%3A/22257/space_time_card/timecard_software/_ide/.theia/launch.json"} 
2024-11-26 14:52:19 [info] : [Debug Manager] Disabling breakpoints in the tool to enable run mode for 'timecard_software_app_hw_1'. 
2024-11-26 14:52:19 [info] : [Debug Manager] Launch session has started on the configuration 'timecard_software_app_hw_1' 
2024-11-26 14:53:30 [info] : [Debug Manager] Launch session has terminated on the configuration 'timecard_software_app_hw_1' 
2024-11-26 14:53:30 [info] : [Debug Manager] Enabling breakpoints after running the application using 'timecard_software_app_hw_1'. 
2024-11-26 14:53:40 [info] : [Platform Server] Generate platform output stream finished - timecard_hardware. 
2024-11-26 14:53:42 [info] : [Build Server] Build output stream finished - timecard_software::. 
2024-11-26 14:53:54 [info] : [Platform Server] Generate platform output stream finished - timecard_hardware. 
2024-11-26 14:53:56 [info] : [Build Server] Build output stream finished - timecard_software::. 
2024-11-26 14:54:18 [info] : [Platform Server] Generate platform output stream finished - timecard_hardware. 
2024-11-26 14:54:20 [info] : [Build Server] Build output stream finished - timecard_software::. 
2024-11-26 14:54:33 [info] : [Platform Server] Generate platform output stream finished - timecard_hardware. 
2024-11-26 14:54:35 [info] : [Build Server] Build output stream finished - timecard_software::. 
2024-11-26 14:54:47 [info] : [Debug Manager] Successfully verified the target connection used  Local 
2024-11-26 14:54:47 [info] : [Debug Manager] Starting launch in 'run' mode using configuration: {"type":"tcf-debug","request":"launch","name":"timecard_software_app_hw_1","debugType":"baremetal-zynq","attachToRunningTargetOptions":{"targetSetupMode":"standalone","executeScript":true,"scriptPath":""},"autoAttachProcessChildren":false,"target":{"targetConnectionId":"Local","peersIniPath":"../../../.wsdata/.peers.ini","context":"zynq"},"targetSetup":{"resetSystem":true,"programDevice":true,"resetAPU":false,"bitstreamFile":"${workspaceFolder}\\timecard_software\\_ide\\bitstream\\timecard_HW_wrapper.bit","zynqInitialization":{"isFsbl":false,"usingFSBL":{"initWithFSBL":true,"fsblFile":"${workspaceFolder}\\timecard_hardware\\export\\timecard_hardware\\sw\\boot\\fsbl.elf","fsblExitSymbol":"FsblHandoffJtagExit"},"usingPs7Init":{"runPs7Init":true,"runPs7PostInit":true,"ps7InitTclFile":"${workspaceFolder}\\timecard_software\\_ide\\psinit\\ps7_init.tcl"}},"downloadElf":[{"core":"ps7_cortexa9_0","resetProcessor":true,"elfFile":"${workspaceFolder}\\timecard_software\\build\\timecard_software.elf","stopAtEntry":false}],"crossTriggerBreakpoints":{"isSelected":false,"breakpoints":[]}},"internalConsoleOptions":"openOnSessionStart","__configUri":"file:///c%3A/22257/space_time_card/timecard_software/_ide/.theia/launch.json"} 
2024-11-26 14:54:47 [info] : [Debug Manager] Disabling breakpoints in the tool to enable run mode for 'timecard_software_app_hw_1'. 
2024-11-26 14:54:48 [info] : [Debug Manager] Launch session has started on the configuration 'timecard_software_app_hw_1' 
2024-11-26 14:55:25 [info] : [Platform Server] Generate platform output stream finished - timecard_hardware. 
2024-11-26 14:55:26 [info] : [Build Server] Build output stream finished - timecard_software::. 
2024-11-26 14:56:17 [info] : [Platform Server] Generate platform output stream finished - timecard_hardware. 
2024-11-26 14:56:18 [info] : [Build Server] Build output stream finished - timecard_software::. 
2024-11-26 14:56:57 [info] : [Platform Server] Generate platform output stream finished - timecard_hardware. 
2024-11-26 14:56:59 [info] : [Build Server] Build output stream finished - timecard_software::. 
2024-11-26 14:57:08 [info] : [Build Server] Clean output stream finished - timecard_software::. 
2024-11-26 14:57:18 [info] : [Platform Server] Generate platform output stream finished - timecard_hardware. 
2024-11-26 14:57:20 [info] : [Build Server] Build output stream finished - timecard_software::. 
2024-11-26 14:57:31 [info] : [Debug Manager] Launch session has terminated on the configuration 'timecard_software_app_hw_1' 
2024-11-26 14:57:31 [info] : [Debug Manager] Enabling breakpoints after running the application using 'timecard_software_app_hw_1'. 
2024-11-26 14:57:40 [info] : [Debug Manager] Successfully verified the target connection used  Local 
2024-11-26 14:57:40 [info] : [Debug Manager] Starting launch in 'debug' mode using configuration: {"type":"tcf-debug","request":"launch","name":"timecard_software_app_hw_1","debugType":"baremetal-zynq","attachToRunningTargetOptions":{"targetSetupMode":"standalone","executeScript":true,"scriptPath":""},"autoAttachProcessChildren":false,"target":{"targetConnectionId":"Local","peersIniPath":"../../../.wsdata/.peers.ini","context":"zynq"},"targetSetup":{"resetSystem":true,"programDevice":true,"resetAPU":false,"bitstreamFile":"${workspaceFolder}\\timecard_software\\_ide\\bitstream\\timecard_HW_wrapper.bit","zynqInitialization":{"isFsbl":false,"usingFSBL":{"initWithFSBL":true,"fsblFile":"${workspaceFolder}\\timecard_hardware\\export\\timecard_hardware\\sw\\boot\\fsbl.elf","fsblExitSymbol":"FsblHandoffJtagExit"},"usingPs7Init":{"runPs7Init":true,"runPs7PostInit":true,"ps7InitTclFile":"${workspaceFolder}\\timecard_software\\_ide\\psinit\\ps7_init.tcl"}},"downloadElf":[{"core":"ps7_cortexa9_0","resetProcessor":true,"elfFile":"${workspaceFolder}\\timecard_software\\build\\timecard_software.elf","stopAtEntry":false}],"crossTriggerBreakpoints":{"isSelected":false,"breakpoints":[]}},"internalConsoleOptions":"openOnSessionStart","__configUri":"file:///c%3A/22257/space_time_card/timecard_software/_ide/.theia/launch.json"} 
2024-11-26 14:57:41 [info] : [Debug Manager] Launch session has started on the configuration 'timecard_software_app_hw_1' 
2024-11-26 14:58:54 [info] : [Debug Manager] Removed breakpoint: main 
2024-11-26 14:58:54 [info] : [Debug Manager] Removed breakpoint: _exit 
2024-11-26 14:58:54 [info] : [Debug Manager] Launch session has terminated on the configuration 'timecard_software_app_hw_1' 
2024-11-26 14:59:04 [info] : [Debug Manager] Successfully verified the target connection used  Local 
2024-11-26 14:59:04 [info] : [Debug Manager] Starting launch in 'debug' mode using configuration: {"type":"tcf-debug","request":"launch","name":"timecard_software_app_hw_1","debugType":"baremetal-zynq","attachToRunningTargetOptions":{"targetSetupMode":"standalone","executeScript":true,"scriptPath":""},"autoAttachProcessChildren":false,"target":{"targetConnectionId":"Local","peersIniPath":"../../../.wsdata/.peers.ini","context":"zynq"},"targetSetup":{"resetSystem":true,"programDevice":true,"resetAPU":false,"bitstreamFile":"${workspaceFolder}\\timecard_software\\_ide\\bitstream\\timecard_HW_wrapper.bit","zynqInitialization":{"isFsbl":false,"usingFSBL":{"initWithFSBL":true,"fsblFile":"${workspaceFolder}\\timecard_hardware\\export\\timecard_hardware\\sw\\boot\\fsbl.elf","fsblExitSymbol":"FsblHandoffJtagExit"},"usingPs7Init":{"runPs7Init":true,"runPs7PostInit":true,"ps7InitTclFile":"${workspaceFolder}\\timecard_software\\_ide\\psinit\\ps7_init.tcl"}},"downloadElf":[{"core":"ps7_cortexa9_0","resetProcessor":true,"elfFile":"${workspaceFolder}\\timecard_software\\build\\timecard_software.elf","stopAtEntry":false}],"crossTriggerBreakpoints":{"isSelected":false,"breakpoints":[]}},"internalConsoleOptions":"openOnSessionStart","__configUri":"file:///c%3A/22257/space_time_card/timecard_software/_ide/.theia/launch.json"} 
2024-11-26 14:59:04 [info] : [Debug Manager] Added breakpoint:main 
2024-11-26 14:59:04 [info] : [Debug Manager] Added breakpoint:_exit 
2024-11-26 14:59:04 [info] : [Debug Manager] Launch session has started on the configuration 'timecard_software_app_hw_1' 
2024-11-26 15:00:34 [info] : [Debug Manager] Removed breakpoint: main 
2024-11-26 15:00:34 [info] : [Debug Manager] Removed breakpoint: _exit 
2024-11-26 15:00:34 [info] : [Debug Manager] Launch session has terminated on the configuration 'timecard_software_app_hw_1' 
2024-11-26 15:01:30 [info] : [Platform Server] Generate platform output stream finished - timecard_hardware. 
2024-11-26 15:01:32 [info] : [Build Server] Build output stream finished - timecard_software::. 
2024-11-26 15:02:26 [info] : [Platform Server] Generate platform output stream finished - timecard_hardware. 
2024-11-26 15:02:28 [info] : [Build Server] Build output stream finished - timecard_software::. 
2024-11-26 15:02:48 [info] : [Build Server] Clean output stream finished - timecard_software::. 
2024-11-26 15:02:53 [info] : [Platform Server] Generate platform output stream finished - timecard_hardware. 
2024-11-26 15:02:54 [info] : [Build Server] Build output stream finished - timecard_software::. 
2024-11-26 15:03:15 [info] : [Debug Manager] Successfully verified the target connection used  Local 
2024-11-26 15:03:15 [info] : [Debug Manager] Starting launch in 'debug' mode using configuration: {"type":"tcf-debug","request":"launch","name":"timecard_software_app_hw_1","debugType":"baremetal-zynq","attachToRunningTargetOptions":{"targetSetupMode":"standalone","executeScript":true,"scriptPath":""},"autoAttachProcessChildren":false,"target":{"targetConnectionId":"Local","peersIniPath":"../../../.wsdata/.peers.ini","context":"zynq"},"targetSetup":{"resetSystem":true,"programDevice":true,"resetAPU":false,"bitstreamFile":"${workspaceFolder}\\timecard_software\\_ide\\bitstream\\timecard_HW_wrapper.bit","zynqInitialization":{"isFsbl":false,"usingFSBL":{"initWithFSBL":true,"fsblFile":"${workspaceFolder}\\timecard_hardware\\export\\timecard_hardware\\sw\\boot\\fsbl.elf","fsblExitSymbol":"FsblHandoffJtagExit"},"usingPs7Init":{"runPs7Init":true,"runPs7PostInit":true,"ps7InitTclFile":"${workspaceFolder}\\timecard_software\\_ide\\psinit\\ps7_init.tcl"}},"downloadElf":[{"core":"ps7_cortexa9_0","resetProcessor":true,"elfFile":"${workspaceFolder}\\timecard_software\\build\\timecard_software.elf","stopAtEntry":false}],"crossTriggerBreakpoints":{"isSelected":false,"breakpoints":[]}},"internalConsoleOptions":"openOnSessionStart","__configUri":"file:///c%3A/22257/space_time_card/timecard_software/_ide/.theia/launch.json"} 
2024-11-26 15:03:15 [info] : [Debug Manager] Added breakpoint:main 
2024-11-26 15:03:15 [info] : [Debug Manager] Added breakpoint:_exit 
2024-11-26 15:03:16 [info] : [Debug Manager] Launch session has started on the configuration 'timecard_software_app_hw_1' 
2024-11-26 15:03:34 [info] : [Debug Manager] Removed breakpoint: main 
2024-11-26 15:03:34 [info] : [Debug Manager] Removed breakpoint: _exit 
2024-11-26 15:03:34 [info] : [Debug Manager] Launch session has terminated on the configuration 'timecard_software_app_hw_1' 
2024-11-26 15:05:24 [info] : [Platform Server] Generate platform output stream finished - timecard_hardware. 
2024-11-26 15:05:25 [info] : [Build Server] Build output stream finished - timecard_software::. 
2024-11-26 15:07:39 [info] : [Platform Server] Generate platform output stream finished - timecard_hardware. 
2024-11-26 15:07:41 [info] : [Build Server] Build output stream finished - timecard_software::. 
2024-11-26 15:07:56 [info] : [Build Server] Clean output stream finished - timecard_software::. 
2024-11-26 15:08:01 [info] : [Platform Server] Generate platform output stream finished - timecard_hardware. 
2024-11-26 15:08:03 [info] : [Build Server] Build output stream finished - timecard_software::. 
2024-11-26 15:08:36 [info] : [Debug Manager] Successfully verified the target connection used  Local 
2024-11-26 15:08:36 [info] : [Debug Manager] Starting launch in 'debug' mode using configuration: {"type":"tcf-debug","request":"launch","name":"timecard_software_app_hw_1","debugType":"baremetal-zynq","attachToRunningTargetOptions":{"targetSetupMode":"standalone","executeScript":true,"scriptPath":""},"autoAttachProcessChildren":false,"target":{"targetConnectionId":"Local","peersIniPath":"../../../.wsdata/.peers.ini","context":"zynq"},"targetSetup":{"resetSystem":true,"programDevice":true,"resetAPU":false,"bitstreamFile":"${workspaceFolder}\\timecard_software\\_ide\\bitstream\\timecard_HW_wrapper.bit","zynqInitialization":{"isFsbl":false,"usingFSBL":{"initWithFSBL":true,"fsblFile":"${workspaceFolder}\\timecard_hardware\\export\\timecard_hardware\\sw\\boot\\fsbl.elf","fsblExitSymbol":"FsblHandoffJtagExit"},"usingPs7Init":{"runPs7Init":true,"runPs7PostInit":true,"ps7InitTclFile":"${workspaceFolder}\\timecard_software\\_ide\\psinit\\ps7_init.tcl"}},"downloadElf":[{"core":"ps7_cortexa9_0","resetProcessor":true,"elfFile":"${workspaceFolder}\\timecard_software\\build\\timecard_software.elf","stopAtEntry":false}],"crossTriggerBreakpoints":{"isSelected":false,"breakpoints":[]}},"internalConsoleOptions":"openOnSessionStart","__configUri":"file:///c%3A/22257/space_time_card/timecard_software/_ide/.theia/launch.json"} 
2024-11-26 15:08:36 [info] : [Debug Manager] Added breakpoint:main 
2024-11-26 15:08:36 [info] : [Debug Manager] Added breakpoint:_exit 
2024-11-26 15:08:36 [info] : [Debug Manager] Launch session has started on the configuration 'timecard_software_app_hw_1' 
2024-11-26 15:09:30 [info] : [Debug Manager] Removed breakpoint: main 
2024-11-26 15:09:30 [info] : [Debug Manager] Removed breakpoint: _exit 
2024-11-26 15:09:30 [info] : [Debug Manager] Launch session has terminated on the configuration 'timecard_software_app_hw_1' 
2024-11-26 15:10:09 [info] : [Platform Server] Generate platform output stream finished - timecard_hardware. 
2024-11-26 15:10:11 [info] : [Build Server] Build output stream finished - timecard_software::. 
2024-11-26 15:10:52 [info] : [Debug Manager] Successfully verified the target connection used  Local 
2024-11-26 15:10:52 [info] : [Debug Manager] Starting launch in 'debug' mode using configuration: {"type":"tcf-debug","request":"launch","name":"timecard_software_app_hw_1","debugType":"baremetal-zynq","attachToRunningTargetOptions":{"targetSetupMode":"standalone","executeScript":true,"scriptPath":""},"autoAttachProcessChildren":false,"target":{"targetConnectionId":"Local","peersIniPath":"../../../.wsdata/.peers.ini","context":"zynq"},"targetSetup":{"resetSystem":true,"programDevice":true,"resetAPU":false,"bitstreamFile":"${workspaceFolder}\\timecard_software\\_ide\\bitstream\\timecard_HW_wrapper.bit","zynqInitialization":{"isFsbl":false,"usingFSBL":{"initWithFSBL":true,"fsblFile":"${workspaceFolder}\\timecard_hardware\\export\\timecard_hardware\\sw\\boot\\fsbl.elf","fsblExitSymbol":"FsblHandoffJtagExit"},"usingPs7Init":{"runPs7Init":true,"runPs7PostInit":true,"ps7InitTclFile":"${workspaceFolder}\\timecard_software\\_ide\\psinit\\ps7_init.tcl"}},"downloadElf":[{"core":"ps7_cortexa9_0","resetProcessor":true,"elfFile":"${workspaceFolder}\\timecard_software\\build\\timecard_software.elf","stopAtEntry":false}],"crossTriggerBreakpoints":{"isSelected":false,"breakpoints":[]}},"internalConsoleOptions":"openOnSessionStart","__configUri":"file:///c%3A/22257/space_time_card/timecard_software/_ide/.theia/launch.json"} 
2024-11-26 15:10:52 [info] : [Debug Manager] Added breakpoint:main 
2024-11-26 15:10:52 [info] : [Debug Manager] Added breakpoint:_exit 
2024-11-26 15:10:52 [info] : [Debug Manager] Launch session has started on the configuration 'timecard_software_app_hw_1' 
2024-11-26 15:11:01 [info] : [Debug Manager] Removed breakpoint: main 
2024-11-26 15:11:01 [info] : [Debug Manager] Removed breakpoint: _exit 
2024-11-26 15:11:01 [info] : [Debug Manager] Launch session has terminated on the configuration 'timecard_software_app_hw_1' 
2024-11-26 15:18:29 [info] : [Platform Server] Updating timecard_HW_wrapper XSA for timecard_hardware platform output stream finished - timecard_hardware. 
2024-11-26 15:19:05 [info] : [Platform Server] Generate platform output stream finished - timecard_hardware. 
2024-11-26 15:19:26 [info] : [Platform Server] Generate platform output stream finished - timecard_hardware. 
2024-11-26 15:19:27 [info] : [Build Server] Build output stream finished - timecard_software::. 
2024-11-26 15:20:30 [info] : [Debug Manager] Successfully verified the target connection used  Local 
2024-11-26 15:20:30 [info] : [Debug Manager] Starting launch in 'run' mode using configuration: {"type":"tcf-debug","request":"launch","name":"timecard_software_app_hw_1","debugType":"baremetal-zynq","attachToRunningTargetOptions":{"targetSetupMode":"standalone","executeScript":true,"scriptPath":""},"autoAttachProcessChildren":false,"target":{"targetConnectionId":"Local","peersIniPath":"../../../.wsdata/.peers.ini","context":"zynq"},"targetSetup":{"resetSystem":true,"programDevice":true,"resetAPU":false,"bitstreamFile":"${workspaceFolder}\\timecard_software\\_ide\\bitstream\\timecard_HW_wrapper.bit","zynqInitialization":{"isFsbl":false,"usingFSBL":{"initWithFSBL":true,"fsblFile":"${workspaceFolder}\\timecard_hardware\\export\\timecard_hardware\\sw\\boot\\fsbl.elf","fsblExitSymbol":"FsblHandoffJtagExit"},"usingPs7Init":{"runPs7Init":true,"runPs7PostInit":true,"ps7InitTclFile":"${workspaceFolder}\\timecard_software\\_ide\\psinit\\ps7_init.tcl"}},"downloadElf":[{"core":"ps7_cortexa9_0","resetProcessor":true,"elfFile":"${workspaceFolder}\\timecard_software\\build\\timecard_software.elf","stopAtEntry":false}],"crossTriggerBreakpoints":{"isSelected":false,"breakpoints":[]}},"internalConsoleOptions":"openOnSessionStart","__configUri":"file:///c%3A/22257/space_time_card/timecard_software/_ide/.theia/launch.json"} 
2024-11-26 15:20:30 [info] : [Debug Manager] Disabling breakpoints in the tool to enable run mode for 'timecard_software_app_hw_1'. 
2024-11-26 15:20:31 [info] : [Debug Manager] Launch session has started on the configuration 'timecard_software_app_hw_1' 
2024-11-26 15:20:45 [info] : [Debug Manager] Launch session has terminated on the configuration 'timecard_software_app_hw_1' 
2024-11-26 15:20:45 [info] : [Debug Manager] Enabling breakpoints after running the application using 'timecard_software_app_hw_1'. 
2024-11-26 15:20:55 [info] : [Platform Server] Generate platform output stream finished - timecard_hardware. 
2024-11-26 15:20:57 [info] : [Build Server] Build output stream finished - timecard_software::. 
2024-11-26 15:21:08 [info] : [Debug Manager] Successfully verified the target connection used  Local 
2024-11-26 15:21:08 [info] : [Debug Manager] Starting launch in 'debug' mode using configuration: {"type":"tcf-debug","request":"launch","name":"timecard_software_app_hw_1","debugType":"baremetal-zynq","attachToRunningTargetOptions":{"targetSetupMode":"standalone","executeScript":true,"scriptPath":""},"autoAttachProcessChildren":false,"target":{"targetConnectionId":"Local","peersIniPath":"../../../.wsdata/.peers.ini","context":"zynq"},"targetSetup":{"resetSystem":true,"programDevice":true,"resetAPU":false,"bitstreamFile":"${workspaceFolder}\\timecard_software\\_ide\\bitstream\\timecard_HW_wrapper.bit","zynqInitialization":{"isFsbl":false,"usingFSBL":{"initWithFSBL":true,"fsblFile":"${workspaceFolder}\\timecard_hardware\\export\\timecard_hardware\\sw\\boot\\fsbl.elf","fsblExitSymbol":"FsblHandoffJtagExit"},"usingPs7Init":{"runPs7Init":true,"runPs7PostInit":true,"ps7InitTclFile":"${workspaceFolder}\\timecard_software\\_ide\\psinit\\ps7_init.tcl"}},"downloadElf":[{"core":"ps7_cortexa9_0","resetProcessor":true,"elfFile":"${workspaceFolder}\\timecard_software\\build\\timecard_software.elf","stopAtEntry":false}],"crossTriggerBreakpoints":{"isSelected":false,"breakpoints":[]}},"internalConsoleOptions":"openOnSessionStart","__configUri":"file:///c%3A/22257/space_time_card/timecard_software/_ide/.theia/launch.json"} 
2024-11-26 15:21:09 [info] : [Debug Manager] Added breakpoint:main 
2024-11-26 15:21:09 [info] : [Debug Manager] Added breakpoint:_exit 
2024-11-26 15:21:09 [info] : [Debug Manager] Launch session has started on the configuration 'timecard_software_app_hw_1' 
2024-11-26 15:21:46 [info] : [Debug Manager] Removed breakpoint: main 
2024-11-26 15:21:46 [info] : [Debug Manager] Removed breakpoint: _exit 
2024-11-26 15:21:46 [info] : [Debug Manager] Launch session has terminated on the configuration 'timecard_software_app_hw_1' 
2024-11-26 15:38:57 [info] : [Platform Server] Generate platform output stream finished - timecard_hardware. 
2024-11-26 15:39:40 [info] : [Platform Server] Regenerating BSP for standalone_ps7_cortexa9_0 domain of C:\22257\space_time_card\timecard_hardware platform output stream finished - timecard_hardware. 
2024-11-26 15:42:33 [info] : [Platform Server] Generate platform output stream finished - timecard_hardware. 
2024-11-26 15:42:57 [info] : [Platform Server] Regenerating BSP for standalone_ps7_cortexa9_0 domain of C:\22257\space_time_card\timecard_hardware platform output stream finished - timecard_hardware. 
2024-11-26 15:45:43 [info] : [Platform Server] Regenerating BSP for standalone_ps7_cortexa9_0 domain of C:\22257\space_time_card\timecard_hardware platform output stream finished - timecard_hardware. 
2024-11-26 15:46:24 [info] : [Platform Server] Generate platform output stream finished - timecard_hardware. 
